Arguments: 
  /home/mose/.nvm/versions/node/v14.17.5/bin/node /usr/local/bin/yarn list

PATH: 
  /home/mose/.nvm/versions/node/v14.17.5/bin:$/home/mose/.local/bin:DENO_INSTALL/bin:/home/mose/.vscode-server/bin/7f6ab5485bbc008386c4386d08766667e155244e/bin:$/home/mose/.local/bin:DENO_INSTALL/bin:/home/mose/.cargo/bin:/usr/local/sbin:/usr/local/bin:/usr/sbin:/usr/bin:/sbin:/bin:/usr/games:/usr/local/games:/usr/lib/wsl/lib:/mnt/c/Program Files (x86)/Common Files/Oracle/Java/javapath:/mnt/c/Python39/Scripts/:/mnt/c/Python39/:/mnt/c/WINDOWS/system32:/mnt/c/WINDOWS:/mnt/c/WINDOWS/System32/Wbem:/mnt/c/WINDOWS/System32/WindowsPowerShell/v1.0/:/mnt/c/WINDOWS/System32/OpenSSH/:/mnt/c/Program Files/Inkscape/bin:/mnt/c/Program Files/Git/cmd:/mnt/c/ProgramData/chocolatey/bin:/mnt/c/Program Files/Docker/Docker/resources/bin:/mnt/c/ProgramData/DockerDesktop/version-bin:/mnt/c/Program Files/nodejs/:/mnt/c/Users/Hp/AppData/Local/Microsoft/WindowsApps:/mnt/c/Users/Hp/AppData/Local/Programs/Microsoft VS Code/bin:/mnt/c/Users/Hp/AppData/Roaming/nvm:/mnt/c/Program Files/nodejs:/mnt/c/Users/Hp/AppData/Roaming/npm:/mnt/c/Users/Hp/AppData/Local/Programs/MiKTeX/miktex/bin/x64/

Yarn version: 
  1.22.10

Node version: 
  14.17.5

Platform: 
  linux x64

Trace: 
  SyntaxError: /home/mose/vscodefolders/ainalbot/package.json: Unexpected token } in JSON at position 942
      at JSON.parse (<anonymous>)
      at /usr/local/lib/node_modules/yarn/lib/cli.js:1625:59
      at Generator.next (<anonymous>)
      at step (/usr/local/lib/node_modules/yarn/lib/cli.js:310:30)
      at /usr/local/lib/node_modules/yarn/lib/cli.js:321:13

npm manifest: 
  {
    "name": "ainalbot",
    "version": "0.0.2-alpha",
    "private": "true",
    "description": "NodeJS bot to go with Thai wikipedia",
    "main": "dist/index.js",
    "scripts": {
      "test": "echo \"Error: no test specified\" && exit 1",
      "lint": "eslint .",
      "lint:fix": "eslint . --fix",
      "start": "tsc && node .",
      "build": "tsc",
      "type": "module",
      "dev": "tsc --watch false && node dist/index.js"
    },
    "repository": {
      "type": "git",
      "url": "git+ssh://git@gitlab.com/ptsgrn/ainalbot.git"
    },
    "author": "Patsagorn Y.",
    "maintainers": [
      {
        "name": "Patsagorn Y.",
        "email": "49602385+ptsgrn@users.noreply.github.com",
        "web": "https://w.wiki/JSB"
      }
    ],
    "license": "MIT",
    "bugs": {
      "url": "https://github.com/ptsgrn/ainalbot/issues"
    },
    "homepage": "https://github.com/ptsgrn/ainalbot#readme",
    "config": {
      "commitizen": {
        "path": "cz-conventional-changelog"
      },
    },
    "dependencies": {
      "bree": "^6.2.0",
      "bthreads": "^0.5.1",
      "debug": "^4.3.1",
      "jsonfile": "^6.1.0",
      "mwn": "^0.9.1",
      "yargs": "^16.2.0"
    },
    "devDependencies": {
      "@types/debug": "^4.1.5",
      "@types/jsonfile": "^6.0.0",
      "@types/node": "^14.14.37",
      "@types/yargs": "^16.0.1",
      "cz-conventional-changelog": "^3.3.0",
      "eslint": "^7.19.0"
    }
  }

yarn manifest: 
  No manifest

Lockfile: 
  No lockfile
